"../../../../../UnrealProjects/QuaternionDemo/Content/Geometry/Meshes/CubeMaterial.uasset" 0
"../../../../../UnrealProjects/QuaternionDemo/Content/Geometry/Meshes/1M_Cube.uasset" 1
"../../../../../UnrealProjects/QuaternionDemo/Content/Geometry/Meshes/1M_Cube_Chamfer.uasset" 2
"../../../../../UnrealProjects/QuaternionDemo/Content/Geometry/Meshes/TemplateFloor.uasset" 3
"../../../Engine/Content/EditorBlueprintResources/StandardMacros.uasset" 4
"../../../Engine/Content/EngineSky/C_Sky_Cloud_Color.uasset" 5
"../../../Engine/Content/EngineSky/C_Sky_Horizon_Color.uasset" 6
"../../../Engine/Content/EngineSky/C_Sky_Zenith_Color.uasset" 7
"../../../Engine/Content/EditorMaterials/Thumbnails/SkySphereMaterial.uasset" 8
"../../../Engine/Content/EngineSky/T_Sky_Blue.uasset" 9
"../../../Engine/Content/EngineSky/T_Sky_Clouds_M.uasset" 10
"../../../Engine/Content/EngineSky/T_Sky_Stars.uasset" 11
"../../../Engine/Content/EngineSky/M_Sky_Panning_Clouds2.uasset" 12
"../../../Engine/Content/MapTemplates/Sky/SunsetAmbientCubemap.uasset" 13
"../../../Engine/Content/EditorMaterials/AssetViewer/M_SkyBox.uasset" 14
"../../../Engine/Content/EngineSky/SM_SkySphere.uasset" 15
"../../../../../UnrealProjects/QuaternionDemo/Content/Rolling/BP_Sky_Sphere_copy.uasset" 16
"../../../Engine/Content/Functions/Engine_MaterialFunctions01/Opacity/CameraDepthFade.uasset" 17
"../../../Engine/Content/EngineMaterials/T_Default_Material_Grid_M.uasset" 18
"../../../Engine/Content/EngineMaterials/T_Default_Material_Grid_N.uasset" 19
"../../../Engine/Content/EngineMaterials/DefaultMaterial.uasset" 20
"../../../../../UnrealProjects/QuaternionDemo/Content/Rolling/Cylinder.uasset" 21
"../../../../../UnrealProjects/QuaternionDemo/Content/Rolling/Grid.uasset" 22
"../../../../../UnrealProjects/QuaternionDemo/Content/Rolling/SpaceCubeMap.uasset" 23
"../../../../../UnrealProjects/QuaternionDemo/Content/Rolling/spaceskybox.uasset" 24
"../../../../../UnrealProjects/QuaternionDemo/Content/Rolling/TutorialUI/TutorialNavigate_BP.uasset" 25
"../../../../../UnrealProjects/QuaternionDemo/Content/Rolling/TutorialNavigate_BP.uasset" 26
"../../../../../UnrealProjects/QuaternionDemo/Content/Rolling/UI2.uasset" 27
"../../../../../UnrealProjects/QuaternionDemo/Content/Rolling/KeepOnScreenFunction.uasset" 28
"../../../../../UnrealProjects/QuaternionDemo/Content/Rolling/fxUI_BP.uasset" 29
"../../../../../UnrealProjects/QuaternionDemo/Content/Rolling/UI3.uasset" 30
"../../../../../UnrealProjects/QuaternionDemo/Content/Rolling/Materials/BaseMaterial.uasset" 31
"../../../../../UnrealProjects/QuaternionDemo/Content/Rolling/Materials/GrayMaterial.uasset" 32
"../../../../../UnrealProjects/QuaternionDemo/Content/Rolling/Materials/GrayMetalMaterial.uasset" 33
"../../../../../UnrealProjects/QuaternionDemo/Content/Rolling/Materials/OrangeMetalMaterial.uasset" 34
"../../../Engine/Content/EngineMaterials/Grid.uasset" 35
"../../../../../UnrealProjects/QuaternionDemo/Content/Rolling/Materials/PM_Ball.uasset" 36
"../../../../../UnrealProjects/QuaternionDemo/Content/Rolling/Materials/M_Blue_Checker.uasset" 37
"../../../../../UnrealProjects/QuaternionDemo/Content/Rolling/Meshes/BallMesh_2.uasset" 38
"../../../../../UnrealProjects/QuaternionDemo/Content/Rolling/Meshes/BallMesh_3.uasset" 39
"../../../../../UnrealProjects/QuaternionDemo/Content/RollingCPP/RollingOverview.uasset" 40
"../../../../../UnrealProjects/QuaternionDemo/Content/StarterContent/Materials/M_Basic_Wall.uasset" 41
"../../../../../UnrealProjects/QuaternionDemo/Content/StarterContent/Architecture/Pillar_50x500.uasset" 42
"../../../../../UnrealProjects/QuaternionDemo/Content/StarterContent/Architecture/Wall_400x300.uasset" 43
"../../../../../UnrealProjects/QuaternionDemo/Content/StarterContent/Architecture/Wall_400x400.uasset" 44
"../../../../../UnrealProjects/QuaternionDemo/Content/StarterContent/Architecture/Wall_500x500.uasset" 45
"../../../../../UnrealProjects/QuaternionDemo/Content/StarterContent/Architecture/Wall_Door_400x400.uasset" 46
"../../../../../UnrealProjects/QuaternionDemo/Content/StarterContent/Architecture/Wall_Window_400x400.uasset" 47
"../../../../../UnrealProjects/QuaternionDemo/Content/StarterContent/Audio/Collapse01.uasset" 48
"../../../../../UnrealProjects/QuaternionDemo/Content/StarterContent/Audio/Collapse02.uasset" 49
"../../../../../UnrealProjects/QuaternionDemo/Content/StarterContent/Audio/Explosion01.uasset" 50
"../../../../../UnrealProjects/QuaternionDemo/Content/StarterContent/Audio/Explosion02.uasset" 51
"../../../../../UnrealProjects/QuaternionDemo/Content/StarterContent/Audio/Fire01.uasset" 52
"../../../../../UnrealProjects/QuaternionDemo/Content/StarterContent/Audio/Fire_Sparks01.uasset" 53
"../../../../../UnrealProjects/QuaternionDemo/Content/StarterContent/Audio/Light01.uasset" 54
"../../../../../UnrealProjects/QuaternionDemo/Content/StarterContent/Audio/Light01_Cue.uasset" 55
"../../../../../UnrealProjects/QuaternionDemo/Content/StarterContent/Audio/Light02.uasset" 56
"../../../../../UnrealProjects/QuaternionDemo/Content/StarterContent/Audio/Light02_Cue.uasset" 57
"../../../../../UnrealProjects/QuaternionDemo/Content/StarterContent/Audio/Smoke01.uasset" 58
"../../../../../UnrealProjects/QuaternionDemo/Content/StarterContent/Audio/Starter_Birds01.uasset" 59
"../../../../../UnrealProjects/QuaternionDemo/Content/StarterContent/Audio/Starter_Music01.uasset" 60
"../../../../../UnrealProjects/QuaternionDemo/Content/StarterContent/Audio/Starter_Wind05.uasset" 61
"../../../../../UnrealProjects/QuaternionDemo/Content/StarterContent/Audio/Starter_Wind06.uasset" 62
"../../../../../UnrealProjects/QuaternionDemo/Content/StarterContent/Audio/Steam01.uasset" 63
"../../../../../UnrealProjects/QuaternionDemo/Content/StarterContent/Audio/Explosion_Cue.uasset" 64
"../../../../../UnrealProjects/QuaternionDemo/Content/StarterContent/Textures/T_Burst_M.uasset" 65
"../../../../../UnrealProjects/QuaternionDemo/Content/StarterContent/Particles/Materials/M_Burst.uasset" 66
"../../../../../UnrealProjects/QuaternionDemo/Content/StarterContent/Textures/T_Explosion_SubUV.uasset" 67
"../../../../../UnrealProjects/QuaternionDemo/Content/StarterContent/Particles/Materials/M_explosion_subUV.uasset" 68
"../../../../../UnrealProjects/QuaternionDemo/Content/StarterContent/Particles/Materials/m_flare_01.uasset" 69
"../../../Engine/Content/Functions/Engine_MaterialFunctions01/Gradient/RadialGradient.uasset" 70
"../../../../../UnrealProjects/QuaternionDemo/Content/StarterContent/Particles/Materials/M_radial_ramp.uasset" 71
"../../../../../UnrealProjects/QuaternionDemo/Content/StarterContent/Textures/T_Smoke_SubUV.uasset" 72
"../../../../../UnrealProjects/QuaternionDemo/Content/StarterContent/Textures/T_Smoke_Tiled_D.uasset" 73
"../../../../../UnrealProjects/QuaternionDemo/Content/StarterContent/Particles/Materials/M_smoke_subUV.uasset" 74
"../../../../../UnrealProjects/QuaternionDemo/Content/StarterContent/Particles/P_Explosion.uasset" 75
"../../../../../UnrealProjects/QuaternionDemo/Content/StarterContent/Blueprints/Blueprint_Effect_Explosion.uasset" 76
"../../../Engine/Content/EditorMeshes/ColorCalibrator/T_ColorGrid.uasset" 77
"../../../../../UnrealProjects/QuaternionDemo/Content/StarterContent/Materials/M_ColorGrid_LowSpec.uasset" 78
"../../../../../UnrealProjects/QuaternionDemo/Content/StarterContent/Textures/T_Bush_D.uasset" 79
"../../../../../UnrealProjects/QuaternionDemo/Content/StarterContent/Textures/T_Bush_N.uasset" 80
"../../../../../UnrealProjects/QuaternionDemo/Content/StarterContent/Props/Materials/M_Bush.uasset" 81
"../../../../../UnrealProjects/QuaternionDemo/Content/StarterContent/Props/SM_Bush.uasset" 82
"../../../../../UnrealProjects/QuaternionDemo/Content/StarterContent/Textures/T_Chair_M.uasset" 83
"../../../../../UnrealProjects/QuaternionDemo/Content/StarterContent/Textures/T_Chair_N.uasset" 84
"../../../../../UnrealProjects/QuaternionDemo/Content/StarterContent/Props/Materials/M_Chair.uasset" 85
"../../../../../UnrealProjects/QuaternionDemo/Content/StarterContent/Props/SM_Couch.uasset" 86
"../../../../../UnrealProjects/QuaternionDemo/Content/StarterContent/Materials/M_Glass.uasset" 87
"../../../../../UnrealProjects/QuaternionDemo/Content/StarterContent/Textures/T_Door_M.uasset" 88
"../../../../../UnrealProjects/QuaternionDemo/Content/StarterContent/Textures/T_Door_N.uasset" 89
"../../../../../UnrealProjects/QuaternionDemo/Content/StarterContent/Props/Materials/M_Door.uasset" 90
"../../../../../UnrealProjects/QuaternionDemo/Content/StarterContent/Props/SM_Door.uasset" 91
"../../../../../UnrealProjects/QuaternionDemo/Content/StarterContent/Props/Materials/M_MaterialSphere.uasset" 92
"../../../../../UnrealProjects/QuaternionDemo/Content/StarterContent/Props/Materials/M_MaterialSphere_Plain.uasset" 93
"../../../../../UnrealProjects/QuaternionDemo/Content/StarterContent/Props/SM_MatPreviewMesh_02.uasset" 94
"../../../Engine/Content/Functions/Engine_MaterialFunctions02/Utility/BlendAngleCorrectedNormals.uasset" 95
"../../../../../UnrealProjects/QuaternionDemo/Content/StarterContent/Textures/T_Detail_Rocky_N.uasset" 96
"../../../../../UnrealProjects/QuaternionDemo/Content/StarterContent/Textures/T_Rock_Basalt_D.uasset" 97
"../../../../../UnrealProjects/QuaternionDemo/Content/StarterContent/Textures/T_RockMesh_M.uasset" 98
"../../../../../UnrealProjects/QuaternionDemo/Content/StarterContent/Textures/T_RockMesh_N.uasset" 99
"../../../../../UnrealProjects/QuaternionDemo/Content/StarterContent/Props/Materials/M_Rock.uasset" 100
"../../../../../UnrealProjects/QuaternionDemo/Content/StarterContent/Props/SM_Rock.uasset" 101
"../../../../../UnrealProjects/QuaternionDemo/Content/StarterContent/Textures/T_Shelf_M.uasset" 102
"../../../../../UnrealProjects/QuaternionDemo/Content/StarterContent/Textures/T_Shelf_N.uasset" 103
"../../../../../UnrealProjects/QuaternionDemo/Content/StarterContent/Props/Materials/M_Shelf.uasset" 104
"../../../../../UnrealProjects/QuaternionDemo/Content/StarterContent/Props/SM_Shelf.uasset" 105
"../../../../../UnrealProjects/QuaternionDemo/Content/StarterContent/Materials/M_Basic_Floor.uasset" 106
"../../../../../UnrealProjects/QuaternionDemo/Content/StarterContent/Props/SM_Stairs.uasset" 107
"../../../../../UnrealProjects/QuaternionDemo/Content/StarterContent/Shapes/Shape_Cone.uasset" 108
"../../../../../UnrealProjects/QuaternionDemo/Content/StarterContent/Shapes/Shape_Cylinder.uasset" 109
"../../../../../UnrealProjects/QuaternionDemo/Content/StarterContent/Shapes/Shape_NarrowCapsule.uasset" 110
"../../../../../UnrealProjects/QuaternionDemo/Content/StarterContent/Shapes/Shape_Pipe.uasset" 111
"../../../../../UnrealProjects/QuaternionDemo/Content/StarterContent/Shapes/Shape_Pipe_180.uasset" 112
"../../../../../UnrealProjects/QuaternionDemo/Content/StarterContent/Shapes/Shape_Pipe_90.uasset" 113
"../../../../../UnrealProjects/QuaternionDemo/Content/StarterContent/Shapes/Shape_Plane.uasset" 114
"../../../../../UnrealProjects/QuaternionDemo/Content/StarterContent/Shapes/Shape_Torus.uasset" 115
"../../../../../UnrealProjects/QuaternionDemo/Content/StarterContent/Shapes/Shape_Trim.uasset" 116
"../../../../../UnrealProjects/QuaternionDemo/Content/StarterContent/Shapes/Shape_Trim_90_In.uasset" 117
"../../../../../UnrealProjects/QuaternionDemo/Content/StarterContent/Shapes/Shape_Trim_90_Out.uasset" 118
"../../../../../UnrealProjects/QuaternionDemo/Content/StarterContent/Shapes/Shape_TriPyramid.uasset" 119
"../../../../../UnrealProjects/QuaternionDemo/Content/StarterContent/Shapes/Shape_Tube.uasset" 120
"../../../../../UnrealProjects/QuaternionDemo/Content/StarterContent/Shapes/Shape_Wedge_A.uasset" 121
"../../../../../UnrealProjects/QuaternionDemo/Content/StarterContent/Shapes/Shape_Wedge_B.uasset" 122
"../../../../../UnrealProjects/QuaternionDemo/Content/StarterContent/Shapes/Shape_WideCapsule.uasset" 123
"../../../Engine/Content/Animation/DefaultAnimCurveCompressionSettings.uasset" 124
"../../../Engine/Content/EngineMaterials/WorldGridMaterial.uasset" 125
"../../../Engine/Content/ArtTools/RenderToTexture/Meshes/S_1_Unit_Plane.uasset" 126
"../../../Engine/Content/BasicShapes/Cube.uasset" 127
"../../../Engine/Content/BasicShapes/Sphere.uasset" 128
"../../../Engine/Content/EditorLandscapeResources/DataLayer.uasset" 129
"../../../Engine/Content/EditorMaterials/MAT_Groups_Toggle.uasset" 130
"../../../Engine/Content/EditorMaterials/MAT_Groups_Visibility.uasset" 131
"../../../Engine/Content/EditorMaterials/PreviewShadowIndicator.uasset" 132
"../../../Engine/Content/EditorMaterials/PreviewShadowIndicatorMaterial.uasset" 133
"../../../Engine/Content/EditorMaterials/MatineeGroups/MAT_ColorTrack.uasset" 134
"../../../Engine/Content/EditorMaterials/MatineeGroups/MAT_Groups_Anim.uasset" 135
"../../../Engine/Content/EditorMaterials/MatineeGroups/MAT_Groups_AudioMaster.uasset" 136
"../../../Engine/Content/EditorMaterials/MatineeGroups/MAT_Groups_Director.uasset" 137
"../../../Engine/Content/EditorMaterials/MatineeGroups/MAT_Groups_Event.uasset" 138
"../../../Engine/Content/EditorMaterials/MatineeGroups/MAT_Groups_Fade.uasset" 139
"../../../Engine/Content/EditorMaterials/MatineeGroups/MAT_Groups_Float.uasset" 140
"../../../Engine/Content/EditorMaterials/MatineeGroups/MAT_Groups_Move.uasset" 141
"../../../Engine/Content/EditorMaterials/MatineeGroups/MAT_Groups_Slomo.uasset" 142
"../../../Engine/Content/EditorMaterials/MatineeGroups/MAT_Groups_Sound.uasset" 143
"../../../Engine/Content/EditorMaterials/MatineeGroups/MAT_Groups_Vector.uasset" 144
"../../../Engine/Content/EditorMaterials/ParticleSystems/PSysThumbnail_NoImage.uasset" 145
"../../../Engine/Content/EditorMaterials/ParticleSystems/PSysThumbnail_OOD.uasset" 146
"../../../Engine/Content/EditorMaterials/Camera/CineMat.uasset" 147
"../../../Engine/Content/EditorMaterials/Camera/MI_CineMat_Rig.uasset" 148
"../../../Engine/Content/EditorMeshes/Camera/SM_CraneRig_Arm.uasset" 149
"../../../Engine/Content/EditorMeshes/Camera/SM_CraneRig_Base.uasset" 150
"../../../Engine/Content/EditorMeshes/Camera/SM_CraneRig_Body.uasset" 151
"../../../Engine/Content/EditorMeshes/Camera/SM_CraneRig_Mount.uasset" 152
"../../../Engine/Content/EditorMeshes/Camera/SM_RailRig_Mount.uasset" 153
"../../../Engine/Content/EditorMeshes/Camera/SM_RailRig_Track.uasset" 154
"../../../Engine/Content/EditorResources/BSPVertex.uasset" 155
"../../../Engine/Content/EditorResources/EmptyActor.uasset" 156
"../../../Engine/Content/EditorResources/S_Actor.uasset" 157
"../../../Engine/Content/EditorResources/S_Note.uasset" 158
"../../../Engine/Content/EditorResources/S_Solver.uasset" 159
"../../../Engine/Content/EditorResources/S_Trigger.uasset" 160
"../../../Engine/Content/EditorResources/AudioIcons/S_AudioComponent.uasset" 161
"../../../Engine/Content/EditorResources/AudioIcons/S_AudioComponent_AutoActivate.uasset" 162
"../../../Engine/Content/EditorResources/LightIcons/S_LightError.uasset" 163
"../../../Engine/Content/EditorResources/SequenceRecorder/Countdown.uasset" 164
"../../../Engine/Content/EditorResources/SequenceRecorder/RecordingIndicator.uasset" 165
"../../../Engine/Content/EditorSounds/Notifications/CompileFailed.uasset" 166
"../../../Engine/Content/EditorSounds/Notifications/CompileFailed_Cue.uasset" 167
"../../../Engine/Content/EditorSounds/Notifications/CompileSuccess.uasset" 168
"../../../Engine/Content/EditorSounds/Notifications/CompileStart_Cue.uasset" 169
"../../../Engine/Content/EditorSounds/Notifications/CompileSuccess_Cue.uasset" 170
"../../../Engine/Content/EngineDamageTypes/DmgTypeBP_Environmental.uasset" 171
"../../../Engine/Content/EngineDebugMaterials/DebugEditorMaterial.uasset" 172
"../../../Engine/Content/EngineDebugMaterials/DebugMeshMaterial.uasset" 173
"../../../Engine/Content/EngineDebugMaterials/M_SimpleTranslucent.uasset" 174
"../../../Engine/Content/Functions/Engine_MaterialFunctions02/Utility/CameraDirectionVector.uasset" 175
"../../../Engine/Content/EngineDebugMaterials/VolumeToRender.uasset" 176
"../../../Engine/Content/EngineDebugMaterials/M_VolumeRenderSphereTracePP.uasset" 177
"../../../Engine/Content/EngineFonts/Faces/DroidSansFallback.uasset" 178
"../../../Engine/Content/EngineFonts/Faces/RobotoBold.uasset" 179
"../../../Engine/Content/EngineFonts/Faces/RobotoBoldItalic.uasset" 180
"../../../Engine/Content/EngineFonts/Faces/RobotoItalic.uasset" 181
"../../../Engine/Content/EngineFonts/Faces/RobotoLight.uasset" 182
"../../../Engine/Content/EngineFonts/Faces/RobotoRegular.uasset" 183
"../../../Engine/Content/EngineFonts/Roboto.uasset" 184
"../../../Engine/Content/EngineMaterials/BaseFlattenDiffuseMap.uasset" 185
"../../../Engine/Content/EngineMaterials/BaseFlattenEmissiveMap.uasset" 186
"../../../Engine/Content/EngineMaterials/BaseFlattenGrayscaleMap.uasset" 187
"../../../Engine/Content/EngineMaterials/BaseFlattenNormalMap.uasset" 188
"../../../Engine/Content/EngineMaterials/BaseFlattenMaterial.uasset" 189
"../../../Engine/Content/EngineMaterials/BlueNoise.uasset" 190
"../../../Engine/Content/EngineMaterials/DefaultBloomKernel.uasset" 191
"../../../Engine/Content/EngineMaterials/DefaultBokeh.uasset" 192
"../../../Engine/Content/EngineMaterials/DefaultDiffuse.uasset" 193
"../../../Engine/Content/EngineMaterials/DefaultDeferredDecalMaterial.uasset" 194
"../../../Engine/Content/EngineMaterials/DefaultLightFunctionMaterial.uasset" 195
"../../../Engine/Content/EngineMaterials/DefaultPhysicalMaterial.uasset" 196
"../../../Engine/Content/Functions/Engine_MaterialFunctions02/Utility/BreakOutFloat2Components.uasset" 197
"../../../Engine/Content/EngineMaterials/DefaultPostProcessMaterial.uasset" 198
"../../../Engine/Content/EngineFonts/RobotoDistanceField.uasset" 199
"../../../Engine/Content/EngineMaterials/DefaultTextMaterialOpaque.uasset" 200
"../../../Engine/Content/EngineMaterials/DefaultVirtualTextureMaterial.uasset" 201
"../../../Engine/Content/EngineMaterials/DefaultWhiteGrid.uasset" 202
"../../../Engine/Content/EngineMaterials/DefaultWhiteGrid_Low.uasset" 203
"../../../Engine/Content/EngineMaterials/EmissiveMeshMaterial.uasset" 204
"../../../Engine/Content/EngineMaterials/GizmoMaterial.uasset" 205
"../../../Engine/Content/EngineMaterials/Good64x64TilingNoiseHighFreq.uasset" 206
"../../../Engine/Content/EngineMaterials/HairDefaultMaterial.uasset" 207
"../../../Engine/Content/EngineMaterials/MiniFont.uasset" 208
"../../../Engine/Content/EngineMaterials/InvalidLightmapSettings.uasset" 209
"../../../Engine/Content/EngineMaterials/M_InvalidLightmapSettings.uasset" 210
"../../../Engine/Content/Functions/Engine_MaterialFunctions02/WorldPositionOffset/CameraOffset.uasset" 211
"../../../Engine/Content/EngineMaterials/PhAT_JointLimitMaterial.uasset" 212
"../../../Engine/Content/EngineMaterials/PreintegratedSkinBRDF.uasset" 213
"../../../Engine/Content/EngineMaterials/RemoveSurfaceMaterial.uasset" 214
"../../../Engine/Content/EngineMaterials/WeightMapPlaceholderTexture.uasset" 215
"../../../Engine/Content/EngineResources/WhiteSquareTexture.uasset" 216
"../../../Engine/Content/EngineMaterials/Widget3DPassThrough.uasset" 217
"../../../Engine/Content/EngineMaterials/Widget3DPassThrough_Masked.uasset" 218
"../../../Engine/Content/EngineMaterials/Widget3DPassThrough_Opaque.uasset" 219
"../../../Engine/Content/EngineMaterials/Widget3DPassThrough_Masked_OneSided.uasset" 220
"../../../Engine/Content/EngineMaterials/Widget3DPassThrough_Opaque_OneSided.uasset" 221
"../../../Engine/Content/EngineMaterials/Widget3DPassThrough_Translucent.uasset" 222
"../../../Engine/Content/EngineMaterials/Widget3DPassThrough_Translucent_OneSided.uasset" 223
"../../../Engine/Content/EngineMeshes/Cylinder.uasset" 224
"../../../Engine/Content/EngineMeshes/Sphere.uasset" 225
"../../../Engine/Content/EngineResources/Black.uasset" 226
"../../../Engine/Content/EngineResources/DefaultTexture.uasset" 227
"../../../Engine/Content/EngineResources/DefaultTextureCube.uasset" 228
"../../../Engine/Content/EngineResources/DefaultVolumeTexture2D.uasset" 229
"../../../Engine/Content/EngineResources/DefaultVolumeTexture.uasset" 230
"../../../Engine/Content/EngineResources/GradientTexture0.uasset" 231
"../../../Engine/Content/EngineSounds/Master.uasset" 232
"../../../Engine/Content/Functions/Engine_MaterialFunctions01/Shading/ConvertFromDiffSpec.uasset" 233
"../../../Engine/Content/Functions/Engine_MaterialFunctions01/Shading/PowerToRoughness.uasset" 234
"../../../Engine/Content/Maps/Templates/Thumbnails/Default.uasset" 235
"../../../Engine/Content/Maps/Templates/Thumbnails/TimeOfDay.uasset" 236
"../../../Engine/Content/Maps/Templates/Thumbnails/VR-Basic.uasset" 237
"../../../Engine/Content/MobileResources/T_MobileControls_texture.uasset" 238
"../../../Engine/Content/MobileResources/T_MobileMenu2.uasset" 239
"../../../Engine/Content/MobileResources/HUD/AnalogHat.uasset" 240
"../../../Engine/Content/MobileResources/HUD/VirtualJoystick_Background.uasset" 241
"../../../Engine/Content/MobileResources/HUD/VirtualJoystick_Thumb.uasset" 242
"../../../Engine/Content/MobileResources/HUD/DefaultVirtualJoysticks.uasset" 243
"../../../Engine/Content/MobileResources/HUD/LeftVirtualJoystickOnly.uasset" 244
"../../../Engine/Content/MobileResources/HUD/MobileHUDButton1_off.uasset" 245
"../../../Engine/Content/MobileResources/HUD/MobileHUDButton1_on.uasset" 246
"../../../Engine/Content/MobileResources/HUD/MobileHUDButton2_off.uasset" 247
"../../../Engine/Content/MobileResources/HUD/MobileHUDButton2_on.uasset" 248
"../../../Engine/Content/MobileResources/HUD/MobileHUDButton3.uasset" 249
"../../../Engine/Content/MobileResources/HUD/MobileHUDButtonFire.uasset" 250
"../../../Engine/Content/MobileResources/HUD/MobileHUDDirectionPad.uasset" 251
"../../../Engine/Content/MobileResources/HUD/MobileHUDDirectionPad2.uasset" 252
"../../../Engine/Content/MobileResources/HUD/MobileHUDDirectionPad3.uasset" 253
"../../../Engine/Content/MobileResources/HUD/MobileHUDDirectionStick.uasset" 254
"../../../Engine/Content/MobileResources/HUD/T_Castle_ThumbstickInner.uasset" 255
"../../../Engine/Content/MobileResources/HUD/T_Castle_ThumbstickOutter.uasset" 256
"../../../Engine/Content/Tutorial/ContentIntroCurve.uasset" 257
"../../../Engine/Content/Tutorial/Basics/LevelEditorAttract.uasset" 258
"../../../Engine/Content/Tutorial/Basics/TutorialAssets/icon_tab_Levels_40x.uasset" 259
"../../../Engine/Content/Tutorial/Basics/LevelEditorOverview.uasset" 260
"../../../Engine/Content/Tutorial/Basics/TutorialAssets/CameraActor_64x.uasset" 261
"../../../Engine/Content/Tutorial/Basics/ViewportsTutorial.uasset" 262
"../../../Engine/Content/Tutorial/SubEditors/GettingSubstance.uasset" 263
"../../../Engine/Content/VREditor/LaserPointer/VR_LaserPower_01.uasset" 264
"../../../Engine/Content/VREditor/TransformGizmo/TransformGizmoMaterial.uasset" 265
"../../../Engine/Content/VREditor/TransformGizmo/TranslucentTransformGizmoMaterial.uasset" 266
"../../../Engine/Content/VREditor/TransformGizmo/BoundingBoxCorner.uasset" 267
"../../../Engine/Content/VREditor/TransformGizmo/BoundingBoxEdge.uasset" 268
"../../../Engine/Content/VREditor/TransformGizmo/PlaneTranslationHandle.uasset" 269
"../../../Engine/Content/VREditor/TransformGizmo/Main.uasset" 270
"../../../Engine/Content/VREditor/TransformGizmo/Xray.uasset" 271
"../../../Engine/Content/VREditor/TransformGizmo/SM_Sequencer_Key.uasset" 272
"../../../Engine/Content/VREditor/TransformGizmo/SM_Sequencer_Node.uasset" 273
"../../Plugins/2D/Paper2D/Content/PlaceholderTextures/DummySpriteTexture.uasset" 274
"../../Plugins/2D/Paper2D/Content/DummySprite.uasset" 275
"../../Plugins/2D/Paper2D/Content/DefaultPaperTerrainMaterial.uasset" 276
"../../Plugins/2D/Paper2D/Content/DummySpriteTexture.uasset" 277
"../../Plugins/2D/Paper2D/Content/DefaultSpriteMaterial.uasset" 278
"../../Plugins/2D/Paper2D/Content/MaskedUnlitSpriteMaterial.uasset" 279
"../../Plugins/2D/Paper2D/Content/OpaqueUnlitSpriteMaterial.uasset" 280
"../../../Engine/Content/Functions/Engine_MaterialFunctions02/Utility/BreakOutFloat4Components.uasset" 281
"../../../Engine/Content/Functions/Engine_MaterialFunctions02/Utility/MakeFloat2.uasset" 282
"../../../Engine/Content/Functions/Engine_MaterialFunctions02/Utility/MakeFloat3.uasset" 283
"../../Plugins/Runtime/Oculus/OculusVR/Content/Materials/OculusMR_ChromaKey.uasset" 284
"../../Plugins/Runtime/Oculus/OculusVR/Content/Materials/OculusMR_ChromaKey_Lit.uasset" 285
"../../Plugins/Runtime/Oculus/OculusVR/Content/Materials/OculusMR_OpaqueColoredMaterial.uasset" 286
"../../Plugins/Runtime/Oculus/OculusVR/Content/Materials/OculusMR_WhiteMaterial.uasset" 287
"../../../Engine/Content/EditorLandscapeResources/DefaultAlphaTexture.uasset" 288
"../../../Engine/Content/EditorLandscapeResources/CircleBrushMaterial.uasset" 289
"../../../Engine/Content/EditorLandscapeResources/CircleBrushMaterial_Smooth.uasset" 290
"../../../Engine/Content/BasicShapes/Cone.uasset" 291
"../../../Engine/Content/BasicShapes/Cylinder.uasset" 292
"../../../../../UnrealProjects/QuaternionDemo/Content/Rolling/BP_Axis.uasset" 293
"../../../Engine/Content/Functions/Engine_MaterialFunctions01/Gradient/LinearGradient.uasset" 294
"../../../Engine/Content/Functions/Engine_MaterialFunctions01/ImageAdjustment/3ColorBlend.uasset" 295
"../../../Engine/Content/EngineDebugMaterials/WireframeMaterial.uasset" 296
"../../../../../UnrealProjects/QuaternionDemo/Content/Rolling/Materials/M_Blue_Checker_2.uasset" 297
"../../../../../UnrealProjects/QuaternionDemo/Content/Rolling/Materials/M_Blue_Checker_3.uasset" 298
"../../../../../UnrealProjects/QuaternionDemo/Content/Rolling/Meshes/BallMesh.uasset" 299
"../../../../../UnrealProjects/QuaternionDemo/Content/Rolling/QuaternionBall_BP.uasset" 300
"../../../../../UnrealProjects/QuaternionDemo/Content/Rolling/OrbitalCamera.uasset" 301
"../../../../../UnrealProjects/QuaternionDemo/Content/Rolling/SpaceScapeSkybox.uasset" 302
"../../../../../UnrealProjects/QuaternionDemo/Content/Rolling/SpaceMat.uasset" 303
"../../../../../UnrealProjects/QuaternionDemo/Content/Rolling/Space_Skybox.uasset" 304
"../../../../../UnrealProjects/QuaternionDemo/Content/RollingCPP/Maps/RollingExampleMap_BuiltData.uasset" 305
"../../../Engine/Content/Functions/Engine_MaterialFunctions02/Utility/BreakOutFloat3Components.uasset" 306
"../../../Engine/Content/Functions/Engine_MaterialFunctions02/Math/Transform3x3Matrix.uasset" 307
"../../../Engine/Content/Functions/Engine_MaterialFunctions02/SplitComponents.uasset" 308
"../../../Engine/Content/VREditor/SnapGrid/SnapGridMaterial.uasset" 309
"../../../../../UnrealProjects/QuaternionDemo/Content/Rolling/ZAxisMaterial.uasset" 310
"../../../Engine/Content/BasicShapes/Plane.uasset" 311
"../../../../../UnrealProjects/QuaternionDemo/Content/Rolling/fyUI_BP.uasset" 312
"../../../../../UnrealProjects/QuaternionDemo/Content/Rolling/fyUI_BP_2.uasset" 313
"../../../../../UnrealProjects/QuaternionDemo/Content/Rolling/fyUI_BP_3.uasset" 314
"../../../../../UnrealProjects/QuaternionDemo/Content/Rolling/fzUI_BP.uasset" 315
"../../../../../UnrealProjects/QuaternionDemo/Content/Rolling/fzUI_BP_2.uasset" 316
"../../../../../UnrealProjects/QuaternionDemo/Content/Rolling/MainMenu_BP.uasset" 317
"../../../../../UnrealProjects/QuaternionDemo/Content/Rolling/MainUI.uasset" 318
"../../../../../UnrealProjects/QuaternionDemo/Content/Rolling/QuaternionUI_BP.uasset" 319
"../../../../../UnrealProjects/QuaternionDemo/Content/Rolling/abstractborder.uasset" 320
"../../../../../UnrealProjects/QuaternionDemo/Content/Rolling/TutorialUI/Tutorial1.uasset" 321
"../../../../../UnrealProjects/QuaternionDemo/Content/Rolling/TutorialUI/Tutorial2.uasset" 322
"../../../../../UnrealProjects/QuaternionDemo/Content/Rolling/TutorialUI/Tutorial3.uasset" 323
"../../../../../UnrealProjects/QuaternionDemo/Content/Rolling/TutorialUI/Tutorial4.uasset" 324
"../../../../../UnrealProjects/QuaternionDemo/Content/Rolling/TutorialUI/Tutorial5.uasset" 325
"../../../../../UnrealProjects/QuaternionDemo/Content/Rolling/TutorialUI/Tutorial6.uasset" 326
"../../../../../UnrealProjects/QuaternionDemo/Content/Rolling/TutorialUI/Tutorial7.uasset" 327
"../../../../../UnrealProjects/QuaternionDemo/Content/Rolling/TutorialUI/TutorialBackground.uasset" 328
"../../../../../UnrealProjects/QuaternionDemo/Content/RollingCPP/Maps/RollingExampleMap.umap" 329
"../../../../../UnrealProjects/QuaternionDemo/Content/StarterContent/Blueprints/Assets/FogBrightnessLUT.uasset" 330
"../../../../../UnrealProjects/QuaternionDemo/Content/StarterContent/Blueprints/Assets/SunlightColorLUT.uasset" 331
"../../../../../UnrealProjects/QuaternionDemo/Content/StarterContent/Blueprints/Assets/M_LightStage_Arrows.uasset" 332
"../../../Engine/Content/MapTemplates/Sky/DaylightAmbientCubemap.uasset" 333
"../../../../../UnrealProjects/QuaternionDemo/Content/StarterContent/Blueprints/Assets/M_LightStage_Skybox_Master.uasset" 334
"../../../../../UnrealProjects/QuaternionDemo/Content/StarterContent/Blueprints/Assets/M_LightStage_Skybox_Black.uasset" 335
"../../../../../UnrealProjects/QuaternionDemo/Content/StarterContent/Blueprints/Assets/M_LightStage_Skybox_HDRI.uasset" 336
"../../../../../UnrealProjects/QuaternionDemo/Content/StarterContent/Blueprints/Assets/Skybox.uasset" 337
"../../../../../UnrealProjects/QuaternionDemo/Content/StarterContent/Blueprints/Assets/SM_Arrows.uasset" 338
"../../../../../UnrealProjects/QuaternionDemo/Content/StarterContent/HDRI/HDRI_Epic_Courtyard_Daylight.uasset" 339
"../../../../../UnrealProjects/QuaternionDemo/Content/StarterContent/Blueprints/BP_LightStudio.uasset" 340
"../../../../../UnrealProjects/QuaternionDemo/Content/StarterContent/Maps/Advanced_Lighting_BuiltData.uasset" 341
"../../../../../UnrealProjects/QuaternionDemo/Content/StarterContent/Materials/M_AssetPlatform.uasset" 342
"../../../Engine/Content/EditorMeshes/ColorCalibrator/M_ChromeBall.uasset" 343
"../../../Engine/Content/EditorMeshes/ColorCalibrator/M_ClearCoat.uasset" 344
"../../../Engine/Content/EditorMeshes/ColorCalibrator/M_ClearCoatBlack.uasset" 345
"../../../Engine/Content/EditorMeshes/ColorCalibrator/Color_checker.uasset" 346
"../../../Engine/Content/EditorMeshes/ColorCalibrator/M_ColorGrid.uasset" 347
"../../../Engine/Content/EditorMeshes/ColorCalibrator/M_GreyBall.uasset" 348
"../../../Engine/Content/EditorMeshes/ColorCalibrator/SM_ColorCalibrator.uasset" 349
"../../../../../UnrealProjects/QuaternionDemo/Content/StarterContent/Architecture/SM_AssetPlatform.uasset" 350
"../../../../../UnrealProjects/QuaternionDemo/Content/StarterContent/Maps/Advanced_Lighting.umap" 351
"../../../Engine/Content/EngineSky/BP_Sky_Sphere.uasset" 352
"../../../../../UnrealProjects/QuaternionDemo/Content/StarterContent/Maps/Minimal_Default_BuiltData.uasset" 353
"../../../../../UnrealProjects/QuaternionDemo/Content/StarterContent/Textures/T_MacroVariation.uasset" 354
"../../../../../UnrealProjects/QuaternionDemo/Content/StarterContent/Materials/M_Metal_Brushed_Nickel.uasset" 355
"../../../../../UnrealProjects/QuaternionDemo/Content/StarterContent/Textures/T_Metal_Aluminum_D.uasset" 356
"../../../../../UnrealProjects/QuaternionDemo/Content/StarterContent/Textures/T_Metal_Gold_N.uasset" 357
"../../../../../UnrealProjects/QuaternionDemo/Content/StarterContent/Materials/M_Metal_Burnished_Steel.uasset" 358
"../../../../../UnrealProjects/QuaternionDemo/Content/StarterContent/Textures/T_Metal_Copper_D.uasset" 359
"../../../../../UnrealProjects/QuaternionDemo/Content/StarterContent/Materials/M_Metal_Copper.uasset" 360
"../../../../../UnrealProjects/QuaternionDemo/Content/StarterContent/Textures/T_Statue_M.uasset" 361
"../../../../../UnrealProjects/QuaternionDemo/Content/StarterContent/Textures/T_Statue_N.uasset" 362
"../../../../../UnrealProjects/QuaternionDemo/Content/StarterContent/Props/Materials/M_StatueGlass.uasset" 363
"../../../../../UnrealProjects/QuaternionDemo/Content/StarterContent/Architecture/Floor_400x400.uasset" 364
"../../../../../UnrealProjects/QuaternionDemo/Content/StarterContent/Audio/Starter_Background_Cue.uasset" 365
"../../../../../UnrealProjects/QuaternionDemo/Content/StarterContent/Props/SM_Chair.uasset" 366
"../../../../../UnrealProjects/QuaternionDemo/Content/StarterContent/Props/Materials/M_Statue.uasset" 367
"../../../../../UnrealProjects/QuaternionDemo/Content/StarterContent/Props/SM_Statue.uasset" 368
"../../../../../UnrealProjects/QuaternionDemo/Content/StarterContent/Textures/T_TableRound_M.uasset" 369
"../../../../../UnrealProjects/QuaternionDemo/Content/StarterContent/Textures/T_TableRound_N.uasset" 370
"../../../../../UnrealProjects/QuaternionDemo/Content/StarterContent/Props/Materials/M_TableRound.uasset" 371
"../../../../../UnrealProjects/QuaternionDemo/Content/StarterContent/Props/SM_TableRound.uasset" 372
"../../../../../UnrealProjects/QuaternionDemo/Content/StarterContent/Maps/Minimal_Default.umap" 373
"../../../../../UnrealProjects/QuaternionDemo/Content/StarterContent/Audio/Fire01_Cue.uasset" 374
"../../../../../UnrealProjects/QuaternionDemo/Content/StarterContent/Textures/T_Fire_SubUV.uasset" 375
"../../../../../UnrealProjects/QuaternionDemo/Content/StarterContent/Textures/T_Fire_Tiled_D.uasset" 376
"../../../../../UnrealProjects/QuaternionDemo/Content/StarterContent/Particles/Materials/M_Fire_SubUV.uasset" 377
"../../../../../UnrealProjects/QuaternionDemo/Content/StarterContent/Textures/T_Water_N.uasset" 378
"../../../../../UnrealProjects/QuaternionDemo/Content/StarterContent/Particles/Materials/M_Heat_Distortion.uasset" 379
"../../../../../UnrealProjects/QuaternionDemo/Content/StarterContent/Particles/Materials/M_Radial_Gradient.uasset" 380
"../../../../../UnrealProjects/QuaternionDemo/Content/StarterContent/Particles/P_Fire.uasset" 381
"../../../../../UnrealProjects/QuaternionDemo/Content/StarterContent/Blueprints/Blueprint_Effect_Fire.uasset" 382
"../../../../../UnrealProjects/QuaternionDemo/Content/StarterContent/Audio/Smoke01_Cue.uasset" 383
"../../../../../UnrealProjects/QuaternionDemo/Content/StarterContent/Particles/P_Smoke.uasset" 384
"../../../../../UnrealProjects/QuaternionDemo/Content/StarterContent/Blueprints/Blueprint_Effect_Smoke.uasset" 385
"../../../../../UnrealProjects/QuaternionDemo/Content/StarterContent/Audio/Fire_Sparks01_Cue.uasset" 386
"../../../../../UnrealProjects/QuaternionDemo/Content/StarterContent/Textures/T_Spark_Core.uasset" 387
"../../../../../UnrealProjects/QuaternionDemo/Content/StarterContent/Particles/Materials/M_Spark.uasset" 388
"../../../../../UnrealProjects/QuaternionDemo/Content/StarterContent/Particles/P_Sparks.uasset" 389
"../../../../../UnrealProjects/QuaternionDemo/Content/StarterContent/Blueprints/Blueprint_Effect_Sparks.uasset" 390
"../../../../../UnrealProjects/QuaternionDemo/Content/StarterContent/Audio/Steam01_Cue.uasset" 391
"../../../../../UnrealProjects/QuaternionDemo/Content/StarterContent/Particles/P_Steam_Lit.uasset" 392
"../../../../../UnrealProjects/QuaternionDemo/Content/StarterContent/Blueprints/Blueprint_Effect_Steam.uasset" 393
"../../../../../UnrealProjects/QuaternionDemo/Content/StarterContent/Textures/T_Lamp_M.uasset" 394
"../../../../../UnrealProjects/QuaternionDemo/Content/StarterContent/Textures/T_Lamp_N.uasset" 395
"../../../../../UnrealProjects/QuaternionDemo/Content/StarterContent/Props/Materials/M_Lamp.uasset" 396
"../../../../../UnrealProjects/QuaternionDemo/Content/StarterContent/Props/SM_Lamp_Ceiling.uasset" 397
"../../../../../UnrealProjects/QuaternionDemo/Content/StarterContent/Blueprints/Blueprint_CeilingLight.uasset" 398
"../../../../../UnrealProjects/QuaternionDemo/Content/StarterContent/Props/SM_Lamp_Wall.uasset" 399
"../../../../../UnrealProjects/QuaternionDemo/Content/StarterContent/Blueprints/Blueprint_WallSconce.uasset" 400
"../../../../../UnrealProjects/QuaternionDemo/Content/StarterContent/Maps/StarterMap_BuiltData.uasset" 401
"../../../Engine/Content/Functions/Engine_MaterialFunctions03/Procedurals/ComputeFilterWidth.uasset" 402
"../../../Engine/Content/EngineMaterials/AntiAliasedTextMaterialTranslucent.uasset" 403
"../../../../../UnrealProjects/QuaternionDemo/Content/StarterContent/Textures/T_Brick_Clay_Beveled_D.uasset" 404
"../../../../../UnrealProjects/QuaternionDemo/Content/StarterContent/Textures/T_Brick_Clay_Beveled_M.uasset" 405
"../../../../../UnrealProjects/QuaternionDemo/Content/StarterContent/Textures/T_Brick_Clay_Beveled_N.uasset" 406
"../../../../../UnrealProjects/QuaternionDemo/Content/StarterContent/Materials/M_Brick_Clay_Beveled.uasset" 407
"../../../../../UnrealProjects/QuaternionDemo/Content/StarterContent/Textures/T_Brick_Clay_New_D.uasset" 408
"../../../../../UnrealProjects/QuaternionDemo/Content/StarterContent/Textures/T_Brick_Clay_New_M.uasset" 409
"../../../../../UnrealProjects/QuaternionDemo/Content/StarterContent/Textures/T_Brick_Clay_New_N.uasset" 410
"../../../../../UnrealProjects/QuaternionDemo/Content/StarterContent/Materials/M_Brick_Clay_New.uasset" 411
"../../../../../UnrealProjects/QuaternionDemo/Content/StarterContent/Textures/T_Brick_Clay_Old_D.uasset" 412
"../../../../../UnrealProjects/QuaternionDemo/Content/StarterContent/Textures/T_Brick_Clay_Old_N.uasset" 413
"../../../../../UnrealProjects/QuaternionDemo/Content/StarterContent/Textures/T_Perlin_Noise_M.uasset" 414
"../../../../../UnrealProjects/QuaternionDemo/Content/StarterContent/Materials/M_Brick_Clay_Old.uasset" 415
"../../../../../UnrealProjects/QuaternionDemo/Content/StarterContent/Textures/T_Brick_Cut_Stone_D.uasset" 416
"../../../../../UnrealProjects/QuaternionDemo/Content/StarterContent/Textures/T_Brick_Cut_Stone_N.uasset" 417
"../../../../../UnrealProjects/QuaternionDemo/Content/StarterContent/Materials/M_Brick_Cut_Stone.uasset" 418
"../../../../../UnrealProjects/QuaternionDemo/Content/StarterContent/Textures/T_Brick_Hewn_Stone_D.uasset" 419
"../../../../../UnrealProjects/QuaternionDemo/Content/StarterContent/Textures/T_Brick_Hewn_Stone_M.uasset" 420
"../../../../../UnrealProjects/QuaternionDemo/Content/StarterContent/Textures/T_Brick_Hewn_Stone_N.uasset" 421
"../../../../../UnrealProjects/QuaternionDemo/Content/StarterContent/Materials/M_Brick_Hewn_Stone.uasset" 422
"../../../../../UnrealProjects/QuaternionDemo/Content/StarterContent/Textures/T_Ceramic_Tile_M.uasset" 423
"../../../../../UnrealProjects/QuaternionDemo/Content/StarterContent/Textures/T_Ceramic_Tile_N.uasset" 424
"../../../../../UnrealProjects/QuaternionDemo/Content/StarterContent/Textures/T_Rock_Marble_Polished_D.uasset" 425
"../../../../../UnrealProjects/QuaternionDemo/Content/StarterContent/Materials/M_Ceramic_Tile_Checker.uasset" 426
"../../../../../UnrealProjects/QuaternionDemo/Content/StarterContent/Textures/T_CobbleStone_Pebble_D.uasset" 427
"../../../../../UnrealProjects/QuaternionDemo/Content/StarterContent/Textures/T_CobbleStone_Pebble_M.uasset" 428
"../../../../../UnrealProjects/QuaternionDemo/Content/StarterContent/Textures/T_CobbleStone_Pebble_N.uasset" 429
"../../../../../UnrealProjects/QuaternionDemo/Content/StarterContent/Materials/M_CobbleStone_Pebble.uasset" 430
"../../../../../UnrealProjects/QuaternionDemo/Content/StarterContent/Textures/T_CobbleStone_Rough_D.uasset" 431
"../../../../../UnrealProjects/QuaternionDemo/Content/StarterContent/Textures/T_CobbleStone_Rough_N.uasset" 432
"../../../../../UnrealProjects/QuaternionDemo/Content/StarterContent/Textures/T_Gradinet_01.uasset" 433
"../../../../../UnrealProjects/QuaternionDemo/Content/StarterContent/Textures/T_Rock_Smooth_Granite_D.uasset" 434
"../../../../../UnrealProjects/QuaternionDemo/Content/StarterContent/Materials/M_CobbleStone_Rough.uasset" 435
"../../../../../UnrealProjects/QuaternionDemo/Content/StarterContent/Textures/T_CobbleStone_Smooth_D.uasset" 436
"../../../../../UnrealProjects/QuaternionDemo/Content/StarterContent/Textures/T_CobbleStone_Smooth_M.uasset" 437
"../../../../../UnrealProjects/QuaternionDemo/Content/StarterContent/Textures/T_CobbleStone_Smooth_N.uasset" 438
"../../../../../UnrealProjects/QuaternionDemo/Content/StarterContent/Materials/M_CobbleStone_Smooth.uasset" 439
"../../../../../UnrealProjects/QuaternionDemo/Content/StarterContent/Textures/T_Concrete_Grime_D.uasset" 440
"../../../../../UnrealProjects/QuaternionDemo/Content/StarterContent/Textures/T_Metal_Rust_N.uasset" 441
"../../../../../UnrealProjects/QuaternionDemo/Content/StarterContent/Materials/M_Concrete_Grime.uasset" 442
"../../../../../UnrealProjects/QuaternionDemo/Content/StarterContent/Textures/T_Concrete_Panels_D.uasset" 443
"../../../../../UnrealProjects/QuaternionDemo/Content/StarterContent/Textures/T_Concrete_Panels_N.uasset" 444
"../../../../../UnrealProjects/QuaternionDemo/Content/StarterContent/Materials/M_Concrete_Panels.uasset" 445
"../../../../../UnrealProjects/QuaternionDemo/Content/StarterContent/Textures/T_Concrete_Poured_D.uasset" 446
"../../../../../UnrealProjects/QuaternionDemo/Content/StarterContent/Textures/T_Concrete_Poured_N.uasset" 447
"../../../../../UnrealProjects/QuaternionDemo/Content/StarterContent/Materials/M_Concrete_Poured.uasset" 448
"../../../../../UnrealProjects/QuaternionDemo/Content/StarterContent/Textures/T_Concrete_Tiles_D.uasset" 449
"../../../../../UnrealProjects/QuaternionDemo/Content/StarterContent/Textures/T_Concrete_Tiles_M.uasset" 450
"../../../../../UnrealProjects/QuaternionDemo/Content/StarterContent/Textures/T_Concrete_Tiles_N.uasset" 451
"../../../../../UnrealProjects/QuaternionDemo/Content/StarterContent/Textures/T_Concrete_Tiles_Variation_M.uasset" 452
"../../../../../UnrealProjects/QuaternionDemo/Content/StarterContent/Materials/M_Concrete_Tiles.uasset" 453
"../../../../../UnrealProjects/QuaternionDemo/Content/StarterContent/Textures/T_Ground_Grass_D.uasset" 454
"../../../../../UnrealProjects/QuaternionDemo/Content/StarterContent/Textures/T_Ground_Grass_N.uasset" 455
"../../../../../UnrealProjects/QuaternionDemo/Content/StarterContent/Materials/M_Ground_Grass.uasset" 456
"../../../../../UnrealProjects/QuaternionDemo/Content/StarterContent/Textures/T_Ground_Gravel_D.uasset" 457
"../../../../../UnrealProjects/QuaternionDemo/Content/StarterContent/Textures/T_Ground_Gravel_N.uasset" 458
"../../../../../UnrealProjects/QuaternionDemo/Content/StarterContent/Materials/M_Ground_Gravel.uasset" 459
"../../../../../UnrealProjects/QuaternionDemo/Content/StarterContent/Textures/T_ground_Moss_D.uasset" 460
"../../../../../UnrealProjects/QuaternionDemo/Content/StarterContent/Textures/T_Ground_Moss_N.uasset" 461
"../../../../../UnrealProjects/QuaternionDemo/Content/StarterContent/Materials/M_Ground_Moss.uasset" 462
"../../../../../UnrealProjects/QuaternionDemo/Content/StarterContent/Materials/M_Metal_Chrome.uasset" 463
"../../../../../UnrealProjects/QuaternionDemo/Content/StarterContent/Textures/T_Metal_Gold_D.uasset" 464
"../../../../../UnrealProjects/QuaternionDemo/Content/StarterContent/Materials/M_Metal_Gold.uasset" 465
"../../../../../UnrealProjects/QuaternionDemo/Content/StarterContent/Textures/T_Metal_Rust_D.uasset" 466
"../../../../../UnrealProjects/QuaternionDemo/Content/StarterContent/Materials/M_Metal_Rust.uasset" 467
"../../../../../UnrealProjects/QuaternionDemo/Content/StarterContent/Textures/T_Metal_Steel_D.uasset" 468
"../../../../../UnrealProjects/QuaternionDemo/Content/StarterContent/Textures/T_Metal_Steel_N.uasset" 469
"../../../../../UnrealProjects/QuaternionDemo/Content/StarterContent/Materials/M_Metal_Steel.uasset" 470
"../../../../../UnrealProjects/QuaternionDemo/Content/StarterContent/Textures/T_Rock_Basalt_N.uasset" 471
"../../../../../UnrealProjects/QuaternionDemo/Content/StarterContent/Materials/M_Rock_Basalt.uasset" 472
"../../../../../UnrealProjects/QuaternionDemo/Content/StarterContent/Materials/M_Rock_Marble_Polished.uasset" 473
"../../../../../UnrealProjects/QuaternionDemo/Content/StarterContent/Textures/T_Rock_Sandstone_D.uasset" 474
"../../../../../UnrealProjects/QuaternionDemo/Content/StarterContent/Textures/T_Rock_Sandstone_N.uasset" 475
"../../../../../UnrealProjects/QuaternionDemo/Content/StarterContent/Materials/M_Rock_Sandstone.uasset" 476
"../../../../../UnrealProjects/QuaternionDemo/Content/StarterContent/Textures/T_Rock_Slate_D.uasset" 477
"../../../../../UnrealProjects/QuaternionDemo/Content/StarterContent/Textures/T_Rock_Slate_N.uasset" 478
"../../../../../UnrealProjects/QuaternionDemo/Content/StarterContent/Materials/M_Rock_Slate.uasset" 479
"../../../../../UnrealProjects/QuaternionDemo/Content/StarterContent/Textures/T_Checker_Noise_M.uasset" 480
"../../../../../UnrealProjects/QuaternionDemo/Content/StarterContent/Textures/T_Single_Tile_N.uasset" 481
"../../../../../UnrealProjects/QuaternionDemo/Content/StarterContent/Textures/T_Tech_Dot_M.uasset" 482
"../../../../../UnrealProjects/QuaternionDemo/Content/StarterContent/Textures/T_Tech_Dot_N.uasset" 483
"../../../../../UnrealProjects/QuaternionDemo/Content/StarterContent/Materials/M_Tech_Checker_Dot.uasset" 484
"../../../../../UnrealProjects/QuaternionDemo/Content/StarterContent/Textures/T_Tech_Hex_Tile_M.uasset" 485
"../../../../../UnrealProjects/QuaternionDemo/Content/StarterContent/Textures/T_Tech_Hex_Tile_N.uasset" 486
"../../../../../UnrealProjects/QuaternionDemo/Content/StarterContent/Materials/M_Tech_Hex_Tile.uasset" 487
"../../../../../UnrealProjects/QuaternionDemo/Content/StarterContent/Materials/M_Tech_Hex_Tile_Pulse.uasset" 488
"../../../../../UnrealProjects/QuaternionDemo/Content/StarterContent/Textures/T_Tech_Panel_M.uasset" 489
"../../../../../UnrealProjects/QuaternionDemo/Content/StarterContent/Textures/T_Tech_Panel_N.uasset" 490
"../../../../../UnrealProjects/QuaternionDemo/Content/StarterContent/Materials/M_Tech_Panel.uasset" 491
"../../../../../UnrealProjects/QuaternionDemo/Content/StarterContent/Materials/M_Water_Lake.uasset" 492
"../../../../../UnrealProjects/QuaternionDemo/Content/StarterContent/Textures/T_Water_M.uasset" 493
"../../../../../UnrealProjects/QuaternionDemo/Content/StarterContent/Materials/M_Water_Ocean.uasset" 494
"../../../../../UnrealProjects/QuaternionDemo/Content/StarterContent/Textures/T_Wood_Floor_Walnut_D.uasset" 495
"../../../../../UnrealProjects/QuaternionDemo/Content/StarterContent/Textures/T_Wood_Floor_Walnut_M.uasset" 496
"../../../../../UnrealProjects/QuaternionDemo/Content/StarterContent/Textures/T_Wood_Floor_Walnut_N.uasset" 497
"../../../../../UnrealProjects/QuaternionDemo/Content/StarterContent/Materials/M_Wood_Floor_Walnut_Polished.uasset" 498
"../../../Engine/Content/Functions/Engine_MaterialFunctions01/Opacity/AlphaOffset.uasset" 499
"../../../../../UnrealProjects/QuaternionDemo/Content/StarterContent/Materials/M_Wood_Floor_Walnut_Worn.uasset" 500
"../../../../../UnrealProjects/QuaternionDemo/Content/StarterContent/Textures/T_Wood_Oak_D.uasset" 501
"../../../../../UnrealProjects/QuaternionDemo/Content/StarterContent/Textures/T_Wood_Oak_N.uasset" 502
"../../../../../UnrealProjects/QuaternionDemo/Content/StarterContent/Materials/M_Wood_Oak.uasset" 503
"../../../../../UnrealProjects/QuaternionDemo/Content/StarterContent/Textures/T_Wood_Pine_D.uasset" 504
"../../../../../UnrealProjects/QuaternionDemo/Content/StarterContent/Textures/T_Wood_Pine_N.uasset" 505
"../../../../../UnrealProjects/QuaternionDemo/Content/StarterContent/Materials/M_Wood_Pine.uasset" 506
"../../../../../UnrealProjects/QuaternionDemo/Content/StarterContent/Textures/T_Wood_Walnut_D.uasset" 507
"../../../../../UnrealProjects/QuaternionDemo/Content/StarterContent/Textures/T_Wood_Walnut_N.uasset" 508
"../../../../../UnrealProjects/QuaternionDemo/Content/StarterContent/Materials/M_Wood_Walnut.uasset" 509
"../../../../../UnrealProjects/QuaternionDemo/Content/StarterContent/Architecture/Wall_400x200.uasset" 510
"../../../../../UnrealProjects/QuaternionDemo/Content/StarterContent/Architecture/Wall_Door_400x300.uasset" 511
"../../../../../UnrealProjects/QuaternionDemo/Content/StarterContent/Architecture/Wall_Window_400x300.uasset" 512
"../../../../../UnrealProjects/QuaternionDemo/Content/StarterContent/Audio/Collapse_Cue.uasset" 513
"../../../../../UnrealProjects/QuaternionDemo/Content/StarterContent/Audio/Starter_Music_Cue.uasset" 514
"../../../../../UnrealProjects/QuaternionDemo/Content/StarterContent/Textures/T_Dust_Particle_D.uasset" 515
"../../../../../UnrealProjects/QuaternionDemo/Content/StarterContent/Particles/Materials/M_Dust_Particle.uasset" 516
"../../../../../UnrealProjects/QuaternionDemo/Content/StarterContent/Particles/P_Ambient_Dust.uasset" 517
"../../../../../UnrealProjects/QuaternionDemo/Content/StarterContent/Props/MaterialSphere.uasset" 518
"../../../../../UnrealProjects/QuaternionDemo/Content/StarterContent/Textures/T_Frame_M.uasset" 519
"../../../../../UnrealProjects/QuaternionDemo/Content/StarterContent/Textures/T_Frame_N.uasset" 520
"../../../../../UnrealProjects/QuaternionDemo/Content/StarterContent/Props/Materials/M_Frame.uasset" 521
"../../../../../UnrealProjects/QuaternionDemo/Content/StarterContent/Props/SM_CornerFrame.uasset" 522
"../../../../../UnrealProjects/QuaternionDemo/Content/StarterContent/Props/SM_DoorFrame.uasset" 523
"../../../../../UnrealProjects/QuaternionDemo/Content/StarterContent/Props/SM_GlassWindow.uasset" 524
"../../../../../UnrealProjects/QuaternionDemo/Content/StarterContent/Props/SM_PillarFrame.uasset" 525
"../../../../../UnrealProjects/QuaternionDemo/Content/StarterContent/Props/SM_PillarFrame300.uasset" 526
"../../../../../UnrealProjects/QuaternionDemo/Content/StarterContent/Props/SM_WindowFrame.uasset" 527
"../../../../../UnrealProjects/QuaternionDemo/Content/StarterContent/Shapes/Shape_Cube.uasset" 528
"../../../../../UnrealProjects/QuaternionDemo/Content/StarterContent/Shapes/Shape_QuadPyramid.uasset" 529
"../../../../../UnrealProjects/QuaternionDemo/Content/StarterContent/Shapes/Shape_Sphere.uasset" 530
"../../../../../UnrealProjects/QuaternionDemo/Content/StarterContent/Maps/StarterMap.umap" 531
"../../../Engine/Content/Maps/Entry_BuiltData.uasset" 532
"../../../Engine/Content/Maps/Entry.umap" 533
